CRITICAL - 2023-11-21 01:41:38 --> Too few arguments to function App\Controllers\Keys::edit(), 0 passed in C:\xampp\htdocs\passwordgen\system\CodeIgniter.php on line 942 and exactly 1 expected
in APPPATH\Controllers\Keys.php on line 60.
 1 SYSTEMPATH\CodeIgniter.php(942): App\Controllers\Keys->edit()
 2 SYSTEMPATH\CodeIgniter.php(502): CodeIgniter\CodeIgniter->runController(Object(App\Controllers\Keys))
 3 SYSTEMPATH\CodeIgniter.php(361): CodeIgniter\CodeIgniter->handleRequest(null, Object(Config\Cache), false)
 4 FCPATH\index.php(79): CodeIgniter\CodeIgniter->run()
CRITICAL - 2023-11-21 01:43:21 --> Too few arguments to function App\Controllers\Keys::edit(), 0 passed in C:\xampp\htdocs\passwordgen\system\CodeIgniter.php on line 942 and exactly 1 expected
in APPPATH\Controllers\Keys.php on line 60.
 1 SYSTEMPATH\CodeIgniter.php(942): App\Controllers\Keys->edit()
 2 SYSTEMPATH\CodeIgniter.php(502): CodeIgniter\CodeIgniter->runController(Object(App\Controllers\Keys))
 3 SYSTEMPATH\CodeIgniter.php(361): CodeIgniter\CodeIgniter->handleRequest(null, Object(Config\Cache), false)
 4 FCPATH\index.php(79): CodeIgniter\CodeIgniter->run()
CRITICAL - 2023-11-21 01:44:25 --> Too few arguments to function App\Controllers\Keys::edit(), 0 passed in C:\xampp\htdocs\passwordgen\system\CodeIgniter.php on line 942 and exactly 1 expected
in APPPATH\Controllers\Keys.php on line 60.
 1 SYSTEMPATH\CodeIgniter.php(942): App\Controllers\Keys->edit()
 2 SYSTEMPATH\CodeIgniter.php(502): CodeIgniter\CodeIgniter->runController(Object(App\Controllers\Keys))
 3 SYSTEMPATH\CodeIgniter.php(361): CodeIgniter\CodeIgniter->handleRequest(null, Object(Config\Cache), false)
 4 FCPATH\index.php(79): CodeIgniter\CodeIgniter->run()
CRITICAL - 2023-11-21 01:44:55 --> Too few arguments to function App\Controllers\Keys::edit(), 0 passed in C:\xampp\htdocs\passwordgen\system\CodeIgniter.php on line 942 and exactly 1 expected
in APPPATH\Controllers\Keys.php on line 60.
 1 SYSTEMPATH\CodeIgniter.php(942): App\Controllers\Keys->edit()
 2 SYSTEMPATH\CodeIgniter.php(502): CodeIgniter\CodeIgniter->runController(Object(App\Controllers\Keys))
 3 SYSTEMPATH\CodeIgniter.php(361): CodeIgniter\CodeIgniter->handleRequest(null, Object(Config\Cache), false)
 4 FCPATH\index.php(79): CodeIgniter\CodeIgniter->run()
CRITICAL - 2023-11-21 01:45:11 --> Too few arguments to function App\Controllers\Keys::edit(), 0 passed in C:\xampp\htdocs\passwordgen\system\CodeIgniter.php on line 942 and exactly 1 expected
in APPPATH\Controllers\Keys.php on line 60.
 1 SYSTEMPATH\CodeIgniter.php(942): App\Controllers\Keys->edit()
 2 SYSTEMPATH\CodeIgniter.php(502): CodeIgniter\CodeIgniter->runController(Object(App\Controllers\Keys))
 3 SYSTEMPATH\CodeIgniter.php(361): CodeIgniter\CodeIgniter->handleRequest(null, Object(Config\Cache), false)
 4 FCPATH\index.php(79): CodeIgniter\CodeIgniter->run()
CRITICAL - 2023-11-21 01:45:23 --> Too few arguments to function App\Controllers\Keys::edit(), 0 passed in C:\xampp\htdocs\passwordgen\system\CodeIgniter.php on line 942 and exactly 1 expected
in APPPATH\Controllers\Keys.php on line 60.
 1 SYSTEMPATH\CodeIgniter.php(942): App\Controllers\Keys->edit()
 2 SYSTEMPATH\CodeIgniter.php(502): CodeIgniter\CodeIgniter->runController(Object(App\Controllers\Keys))
 3 SYSTEMPATH\CodeIgniter.php(361): CodeIgniter\CodeIgniter->handleRequest(null, Object(Config\Cache), false)
 4 FCPATH\index.php(79): CodeIgniter\CodeIgniter->run()
CRITICAL - 2023-11-21 01:46:01 --> Too few arguments to function App\Controllers\Keys::edit(), 0 passed in C:\xampp\htdocs\passwordgen\system\CodeIgniter.php on line 942 and exactly 1 expected
in APPPATH\Controllers\Keys.php on line 60.
 1 SYSTEMPATH\CodeIgniter.php(942): App\Controllers\Keys->edit()
 2 SYSTEMPATH\CodeIgniter.php(502): CodeIgniter\CodeIgniter->runController(Object(App\Controllers\Keys))
 3 SYSTEMPATH\CodeIgniter.php(361): CodeIgniter\CodeIgniter->handleRequest(null, Object(Config\Cache), false)
 4 FCPATH\index.php(79): CodeIgniter\CodeIgniter->run()
CRITICAL - 2023-11-21 01:46:01 --> Too few arguments to function App\Controllers\Keys::edit(), 0 passed in C:\xampp\htdocs\passwordgen\system\CodeIgniter.php on line 942 and exactly 1 expected
in APPPATH\Controllers\Keys.php on line 60.
 1 SYSTEMPATH\CodeIgniter.php(942): App\Controllers\Keys->edit()
 2 SYSTEMPATH\CodeIgniter.php(502): CodeIgniter\CodeIgniter->runController(Object(App\Controllers\Keys))
 3 SYSTEMPATH\CodeIgniter.php(361): CodeIgniter\CodeIgniter->handleRequest(null, Object(Config\Cache), false)
 4 FCPATH\index.php(79): CodeIgniter\CodeIgniter->run()
CRITICAL - 2023-11-21 01:48:08 --> Undefined variable $key
in APPPATH\Views\editKey.php on line 15.
 1 APPPATH\Views\editKey.php(15): CodeIgniter\Debug\Exceptions->errorHandler(2, 'Undefined variable $key', 'C:\\xampp\\htdocs\\passwordgen\\app\\Views\\editKey.php', 15)
 2 SYSTEMPATH\View\View.php(228): include('C:\\xampp\\htdocs\\passwordgen\\app\\Views\\editKey.php')
 3 SYSTEMPATH\View\View.php(231): CodeIgniter\View\View->CodeIgniter\View\{closure}()
 4 SYSTEMPATH\Common.php(1190): CodeIgniter\View\View->render('editKey', [], true)
 5 APPPATH\Controllers\Keys.php(62): view('editKey')
 6 SYSTEMPATH\CodeIgniter.php(942): App\Controllers\Keys->edit()
 7 SYSTEMPATH\CodeIgniter.php(502): CodeIgniter\CodeIgniter->runController(Object(App\Controllers\Keys))
 8 SYSTEMPATH\CodeIgniter.php(361): CodeIgniter\CodeIgniter->handleRequest(null, Object(Config\Cache), false)
 9 FCPATH\index.php(79): CodeIgniter\CodeIgniter->run()
CRITICAL - 2023-11-21 01:48:30 --> Undefined variable $key
in APPPATH\Views\editKey.php on line 15.
 1 APPPATH\Views\editKey.php(15): CodeIgniter\Debug\Exceptions->errorHandler(2, 'Undefined variable $key', 'C:\\xampp\\htdocs\\passwordgen\\app\\Views\\editKey.php', 15)
 2 SYSTEMPATH\View\View.php(228): include('C:\\xampp\\htdocs\\passwordgen\\app\\Views\\editKey.php')
 3 SYSTEMPATH\View\View.php(231): CodeIgniter\View\View->CodeIgniter\View\{closure}()
 4 SYSTEMPATH\Common.php(1190): CodeIgniter\View\View->render('editKey', [], true)
 5 APPPATH\Controllers\Keys.php(62): view('editKey')
 6 SYSTEMPATH\CodeIgniter.php(942): App\Controllers\Keys->edit()
 7 SYSTEMPATH\CodeIgniter.php(502): CodeIgniter\CodeIgniter->runController(Object(App\Controllers\Keys))
 8 SYSTEMPATH\CodeIgniter.php(361): CodeIgniter\CodeIgniter->handleRequest(null, Object(Config\Cache), false)
 9 FCPATH\index.php(79): CodeIgniter\CodeIgniter->run()
CRITICAL - 2023-11-21 01:48:31 --> Undefined variable $key
in APPPATH\Views\editKey.php on line 15.
 1 APPPATH\Views\editKey.php(15): CodeIgniter\Debug\Exceptions->errorHandler(2, 'Undefined variable $key', 'C:\\xampp\\htdocs\\passwordgen\\app\\Views\\editKey.php', 15)
 2 SYSTEMPATH\View\View.php(228): include('C:\\xampp\\htdocs\\passwordgen\\app\\Views\\editKey.php')
 3 SYSTEMPATH\View\View.php(231): CodeIgniter\View\View->CodeIgniter\View\{closure}()
 4 SYSTEMPATH\Common.php(1190): CodeIgniter\View\View->render('editKey', [], true)
 5 APPPATH\Controllers\Keys.php(62): view('editKey')
 6 SYSTEMPATH\CodeIgniter.php(942): App\Controllers\Keys->edit()
 7 SYSTEMPATH\CodeIgniter.php(502): CodeIgniter\CodeIgniter->runController(Object(App\Controllers\Keys))
 8 SYSTEMPATH\CodeIgniter.php(361): CodeIgniter\CodeIgniter->handleRequest(null, Object(Config\Cache), false)
 9 FCPATH\index.php(79): CodeIgniter\CodeIgniter->run()
CRITICAL - 2023-11-21 01:49:00 --> Undefined variable $key
in APPPATH\Views\editKey.php on line 15.
 1 APPPATH\Views\editKey.php(15): CodeIgniter\Debug\Exceptions->errorHandler(2, 'Undefined variable $key', 'C:\\xampp\\htdocs\\passwordgen\\app\\Views\\editKey.php', 15)
 2 SYSTEMPATH\View\View.php(228): include('C:\\xampp\\htdocs\\passwordgen\\app\\Views\\editKey.php')
 3 SYSTEMPATH\View\View.php(231): CodeIgniter\View\View->CodeIgniter\View\{closure}()
 4 SYSTEMPATH\Common.php(1190): CodeIgniter\View\View->render('editKey', [], true)
 5 APPPATH\Controllers\Keys.php(27): view('editKey')
 6 SYSTEMPATH\CodeIgniter.php(942): App\Controllers\Keys->create()
 7 SYSTEMPATH\CodeIgniter.php(502): CodeIgniter\CodeIgniter->runController(Object(App\Controllers\Keys))
 8 SYSTEMPATH\CodeIgniter.php(361): CodeIgniter\CodeIgniter->handleRequest(null, Object(Config\Cache), false)
 9 FCPATH\index.php(79): CodeIgniter\CodeIgniter->run()
CRITICAL - 2023-11-21 01:51:23 --> Undefined variable $key
in APPPATH\Views\editKey.php on line 15.
 1 APPPATH\Views\editKey.php(15): CodeIgniter\Debug\Exceptions->errorHandler(2, 'Undefined variable $key', 'C:\\xampp\\htdocs\\passwordgen\\app\\Views\\editKey.php', 15)
 2 SYSTEMPATH\View\View.php(228): include('C:\\xampp\\htdocs\\passwordgen\\app\\Views\\editKey.php')
 3 SYSTEMPATH\View\View.php(231): CodeIgniter\View\View->CodeIgniter\View\{closure}()
 4 SYSTEMPATH\Common.php(1190): CodeIgniter\View\View->render('editKey', [], true)
 5 APPPATH\Controllers\Keys.php(62): view('editKey')
 6 SYSTEMPATH\CodeIgniter.php(942): App\Controllers\Keys->edit()
 7 SYSTEMPATH\CodeIgniter.php(502): CodeIgniter\CodeIgniter->runController(Object(App\Controllers\Keys))
 8 SYSTEMPATH\CodeIgniter.php(361): CodeIgniter\CodeIgniter->handleRequest(null, Object(Config\Cache), false)
 9 FCPATH\index.php(79): CodeIgniter\CodeIgniter->run()
CRITICAL - 2023-11-21 01:51:30 --> Undefined variable $key
in APPPATH\Views\editKey.php on line 15.
 1 APPPATH\Views\editKey.php(15): CodeIgniter\Debug\Exceptions->errorHandler(2, 'Undefined variable $key', 'C:\\xampp\\htdocs\\passwordgen\\app\\Views\\editKey.php', 15)
 2 SYSTEMPATH\View\View.php(228): include('C:\\xampp\\htdocs\\passwordgen\\app\\Views\\editKey.php')
 3 SYSTEMPATH\View\View.php(231): CodeIgniter\View\View->CodeIgniter\View\{closure}()
 4 SYSTEMPATH\Common.php(1190): CodeIgniter\View\View->render('editKey', [], true)
 5 APPPATH\Controllers\Keys.php(62): view('editKey')
 6 SYSTEMPATH\CodeIgniter.php(942): App\Controllers\Keys->edit()
 7 SYSTEMPATH\CodeIgniter.php(502): CodeIgniter\CodeIgniter->runController(Object(App\Controllers\Keys))
 8 SYSTEMPATH\CodeIgniter.php(361): CodeIgniter\CodeIgniter->handleRequest(null, Object(Config\Cache), false)
 9 FCPATH\index.php(79): CodeIgniter\CodeIgniter->run()
CRITICAL - 2023-11-21 01:55:29 --> Undefined variable $key
in APPPATH\Views\editKey.php on line 17.
 1 APPPATH\Views\editKey.php(17): CodeIgniter\Debug\Exceptions->errorHandler(2, 'Undefined variable $key', 'C:\\xampp\\htdocs\\passwordgen\\app\\Views\\editKey.php', 17)
 2 SYSTEMPATH\View\View.php(228): include('C:\\xampp\\htdocs\\passwordgen\\app\\Views\\editKey.php')
 3 SYSTEMPATH\View\View.php(231): CodeIgniter\View\View->CodeIgniter\View\{closure}()
 4 SYSTEMPATH\Common.php(1190): CodeIgniter\View\View->render('editKey', [], true)
 5 APPPATH\Controllers\Keys.php(62): view('editKey', [...])
 6 SYSTEMPATH\CodeIgniter.php(942): App\Controllers\Keys->edit()
 7 SYSTEMPATH\CodeIgniter.php(502): CodeIgniter\CodeIgniter->runController(Object(App\Controllers\Keys))
 8 SYSTEMPATH\CodeIgniter.php(361): CodeIgniter\CodeIgniter->handleRequest(null, Object(Config\Cache), false)
 9 FCPATH\index.php(79): CodeIgniter\CodeIgniter->run()
CRITICAL - 2023-11-21 01:55:32 --> Undefined variable $key
in APPPATH\Views\editKey.php on line 17.
 1 APPPATH\Views\editKey.php(17): CodeIgniter\Debug\Exceptions->errorHandler(2, 'Undefined variable $key', 'C:\\xampp\\htdocs\\passwordgen\\app\\Views\\editKey.php', 17)
 2 SYSTEMPATH\View\View.php(228): include('C:\\xampp\\htdocs\\passwordgen\\app\\Views\\editKey.php')
 3 SYSTEMPATH\View\View.php(231): CodeIgniter\View\View->CodeIgniter\View\{closure}()
 4 SYSTEMPATH\Common.php(1190): CodeIgniter\View\View->render('editKey', [], true)
 5 APPPATH\Controllers\Keys.php(62): view('editKey', [...])
 6 SYSTEMPATH\CodeIgniter.php(942): App\Controllers\Keys->edit()
 7 SYSTEMPATH\CodeIgniter.php(502): CodeIgniter\CodeIgniter->runController(Object(App\Controllers\Keys))
 8 SYSTEMPATH\CodeIgniter.php(361): CodeIgniter\CodeIgniter->handleRequest(null, Object(Config\Cache), false)
 9 FCPATH\index.php(79): CodeIgniter\CodeIgniter->run()
CRITICAL - 2023-11-21 01:55:42 --> Undefined variable $key
in APPPATH\Views\editKey.php on line 17.
 1 APPPATH\Views\editKey.php(17): CodeIgniter\Debug\Exceptions->errorHandler(2, 'Undefined variable $key', 'C:\\xampp\\htdocs\\passwordgen\\app\\Views\\editKey.php', 17)
 2 SYSTEMPATH\View\View.php(228): include('C:\\xampp\\htdocs\\passwordgen\\app\\Views\\editKey.php')
 3 SYSTEMPATH\View\View.php(231): CodeIgniter\View\View->CodeIgniter\View\{closure}()
 4 SYSTEMPATH\Common.php(1190): CodeIgniter\View\View->render('editKey', [], true)
 5 APPPATH\Controllers\Keys.php(62): view('editKey', [...])
 6 SYSTEMPATH\CodeIgniter.php(942): App\Controllers\Keys->edit()
 7 SYSTEMPATH\CodeIgniter.php(502): CodeIgniter\CodeIgniter->runController(Object(App\Controllers\Keys))
 8 SYSTEMPATH\CodeIgniter.php(361): CodeIgniter\CodeIgniter->handleRequest(null, Object(Config\Cache), false)
 9 FCPATH\index.php(79): CodeIgniter\CodeIgniter->run()
CRITICAL - 2023-11-21 01:55:46 --> Undefined variable $key
in APPPATH\Views\editKey.php on line 17.
 1 APPPATH\Views\editKey.php(17): CodeIgniter\Debug\Exceptions->errorHandler(2, 'Undefined variable $key', 'C:\\xampp\\htdocs\\passwordgen\\app\\Views\\editKey.php', 17)
 2 SYSTEMPATH\View\View.php(228): include('C:\\xampp\\htdocs\\passwordgen\\app\\Views\\editKey.php')
 3 SYSTEMPATH\View\View.php(231): CodeIgniter\View\View->CodeIgniter\View\{closure}()
 4 SYSTEMPATH\Common.php(1190): CodeIgniter\View\View->render('editKey', [], true)
 5 APPPATH\Controllers\Keys.php(62): view('editKey', [...])
 6 SYSTEMPATH\CodeIgniter.php(942): App\Controllers\Keys->edit()
 7 SYSTEMPATH\CodeIgniter.php(502): CodeIgniter\CodeIgniter->runController(Object(App\Controllers\Keys))
 8 SYSTEMPATH\CodeIgniter.php(361): CodeIgniter\CodeIgniter->handleRequest(null, Object(Config\Cache), false)
 9 FCPATH\index.php(79): CodeIgniter\CodeIgniter->run()
CRITICAL - 2023-11-21 01:56:16 --> Undefined variable $key
in APPPATH\Views\editKey.php on line 17.
 1 APPPATH\Views\editKey.php(17): CodeIgniter\Debug\Exceptions->errorHandler(2, 'Undefined variable $key', 'C:\\xampp\\htdocs\\passwordgen\\app\\Views\\editKey.php', 17)
 2 SYSTEMPATH\View\View.php(228): include('C:\\xampp\\htdocs\\passwordgen\\app\\Views\\editKey.php')
 3 SYSTEMPATH\View\View.php(231): CodeIgniter\View\View->CodeIgniter\View\{closure}()
 4 SYSTEMPATH\Common.php(1190): CodeIgniter\View\View->render('editKey', [], true)
 5 APPPATH\Controllers\Keys.php(62): view('editKey', [...])
 6 SYSTEMPATH\CodeIgniter.php(942): App\Controllers\Keys->edit()
 7 SYSTEMPATH\CodeIgniter.php(502): CodeIgniter\CodeIgniter->runController(Object(App\Controllers\Keys))
 8 SYSTEMPATH\CodeIgniter.php(361): CodeIgniter\CodeIgniter->handleRequest(null, Object(Config\Cache), false)
 9 FCPATH\index.php(79): CodeIgniter\CodeIgniter->run()
CRITICAL - 2023-11-21 01:56:17 --> Undefined variable $key
in APPPATH\Views\editKey.php on line 17.
 1 APPPATH\Views\editKey.php(17): CodeIgniter\Debug\Exceptions->errorHandler(2, 'Undefined variable $key', 'C:\\xampp\\htdocs\\passwordgen\\app\\Views\\editKey.php', 17)
 2 SYSTEMPATH\View\View.php(228): include('C:\\xampp\\htdocs\\passwordgen\\app\\Views\\editKey.php')
 3 SYSTEMPATH\View\View.php(231): CodeIgniter\View\View->CodeIgniter\View\{closure}()
 4 SYSTEMPATH\Common.php(1190): CodeIgniter\View\View->render('editKey', [], true)
 5 APPPATH\Controllers\Keys.php(62): view('editKey', [...])
 6 SYSTEMPATH\CodeIgniter.php(942): App\Controllers\Keys->edit()
 7 SYSTEMPATH\CodeIgniter.php(502): CodeIgniter\CodeIgniter->runController(Object(App\Controllers\Keys))
 8 SYSTEMPATH\CodeIgniter.php(361): CodeIgniter\CodeIgniter->handleRequest(null, Object(Config\Cache), false)
 9 FCPATH\index.php(79): CodeIgniter\CodeIgniter->run()
CRITICAL - 2023-11-21 01:56:17 --> Undefined variable $key
in APPPATH\Views\editKey.php on line 17.
 1 APPPATH\Views\editKey.php(17): CodeIgniter\Debug\Exceptions->errorHandler(2, 'Undefined variable $key', 'C:\\xampp\\htdocs\\passwordgen\\app\\Views\\editKey.php', 17)
 2 SYSTEMPATH\View\View.php(228): include('C:\\xampp\\htdocs\\passwordgen\\app\\Views\\editKey.php')
 3 SYSTEMPATH\View\View.php(231): CodeIgniter\View\View->CodeIgniter\View\{closure}()
 4 SYSTEMPATH\Common.php(1190): CodeIgniter\View\View->render('editKey', [], true)
 5 APPPATH\Controllers\Keys.php(62): view('editKey', [...])
 6 SYSTEMPATH\CodeIgniter.php(942): App\Controllers\Keys->edit()
 7 SYSTEMPATH\CodeIgniter.php(502): CodeIgniter\CodeIgniter->runController(Object(App\Controllers\Keys))
 8 SYSTEMPATH\CodeIgniter.php(361): CodeIgniter\CodeIgniter->handleRequest(null, Object(Config\Cache), false)
 9 FCPATH\index.php(79): CodeIgniter\CodeIgniter->run()
CRITICAL - 2023-11-21 02:03:28 --> Undefined variable $key
in APPPATH\Views\editKey.php on line 13.
 1 APPPATH\Views\editKey.php(13): CodeIgniter\Debug\Exceptions->errorHandler(2, 'Undefined variable $key', 'C:\\xampp\\htdocs\\passwordgen\\app\\Views\\editKey.php', 13)
 2 SYSTEMPATH\View\View.php(228): include('C:\\xampp\\htdocs\\passwordgen\\app\\Views\\editKey.php')
 3 SYSTEMPATH\View\View.php(231): CodeIgniter\View\View->CodeIgniter\View\{closure}()
 4 SYSTEMPATH\Common.php(1190): CodeIgniter\View\View->render('editKey', [], true)
 5 APPPATH\Controllers\Keys.php(62): view('editKey')
 6 SYSTEMPATH\CodeIgniter.php(942): App\Controllers\Keys->edit()
 7 SYSTEMPATH\CodeIgniter.php(502): CodeIgniter\CodeIgniter->runController(Object(App\Controllers\Keys))
 8 SYSTEMPATH\CodeIgniter.php(361): CodeIgniter\CodeIgniter->handleRequest(null, Object(Config\Cache), false)
 9 FCPATH\index.php(79): CodeIgniter\CodeIgniter->run()
CRITICAL - 2023-11-21 02:03:55 --> Array to string conversion
in APPPATH\Views\editKey.php on line 13.
 1 APPPATH\Views\editKey.php(13): CodeIgniter\Debug\Exceptions->errorHandler(2, 'Array to string conversion', 'C:\\xampp\\htdocs\\passwordgen\\app\\Views\\editKey.php', 13)
 2 SYSTEMPATH\View\View.php(228): include('C:\\xampp\\htdocs\\passwordgen\\app\\Views\\editKey.php')
 3 SYSTEMPATH\View\View.php(231): CodeIgniter\View\View->CodeIgniter\View\{closure}()
 4 SYSTEMPATH\Common.php(1190): CodeIgniter\View\View->render('editKey', [], true)
 5 APPPATH\Controllers\Keys.php(62): view('editKey', [...])
 6 SYSTEMPATH\CodeIgniter.php(942): App\Controllers\Keys->edit()
 7 SYSTEMPATH\CodeIgniter.php(502): CodeIgniter\CodeIgniter->runController(Object(App\Controllers\Keys))
 8 SYSTEMPATH\CodeIgniter.php(361): CodeIgniter\CodeIgniter->handleRequest(null, Object(Config\Cache), false)
 9 FCPATH\index.php(79): CodeIgniter\CodeIgniter->run()
CRITICAL - 2023-11-21 02:03:56 --> Array to string conversion
in APPPATH\Views\editKey.php on line 13.
 1 APPPATH\Views\editKey.php(13): CodeIgniter\Debug\Exceptions->errorHandler(2, 'Array to string conversion', 'C:\\xampp\\htdocs\\passwordgen\\app\\Views\\editKey.php', 13)
 2 SYSTEMPATH\View\View.php(228): include('C:\\xampp\\htdocs\\passwordgen\\app\\Views\\editKey.php')
 3 SYSTEMPATH\View\View.php(231): CodeIgniter\View\View->CodeIgniter\View\{closure}()
 4 SYSTEMPATH\Common.php(1190): CodeIgniter\View\View->render('editKey', [], true)
 5 APPPATH\Controllers\Keys.php(62): view('editKey', [...])
 6 SYSTEMPATH\CodeIgniter.php(942): App\Controllers\Keys->edit()
 7 SYSTEMPATH\CodeIgniter.php(502): CodeIgniter\CodeIgniter->runController(Object(App\Controllers\Keys))
 8 SYSTEMPATH\CodeIgniter.php(361): CodeIgniter\CodeIgniter->handleRequest(null, Object(Config\Cache), false)
 9 FCPATH\index.php(79): CodeIgniter\CodeIgniter->run()
CRITICAL - 2023-11-21 02:03:58 --> Array to string conversion
in APPPATH\Views\editKey.php on line 13.
 1 APPPATH\Views\editKey.php(13): CodeIgniter\Debug\Exceptions->errorHandler(2, 'Array to string conversion', 'C:\\xampp\\htdocs\\passwordgen\\app\\Views\\editKey.php', 13)
 2 SYSTEMPATH\View\View.php(228): include('C:\\xampp\\htdocs\\passwordgen\\app\\Views\\editKey.php')
 3 SYSTEMPATH\View\View.php(231): CodeIgniter\View\View->CodeIgniter\View\{closure}()
 4 SYSTEMPATH\Common.php(1190): CodeIgniter\View\View->render('editKey', [], true)
 5 APPPATH\Controllers\Keys.php(62): view('editKey', [...])
 6 SYSTEMPATH\CodeIgniter.php(942): App\Controllers\Keys->edit()
 7 SYSTEMPATH\CodeIgniter.php(502): CodeIgniter\CodeIgniter->runController(Object(App\Controllers\Keys))
 8 SYSTEMPATH\CodeIgniter.php(361): CodeIgniter\CodeIgniter->handleRequest(null, Object(Config\Cache), false)
 9 FCPATH\index.php(79): CodeIgniter\CodeIgniter->run()
CRITICAL - 2023-11-21 02:04:03 --> Array to string conversion
in APPPATH\Views\editKey.php on line 13.
 1 APPPATH\Views\editKey.php(13): CodeIgniter\Debug\Exceptions->errorHandler(2, 'Array to string conversion', 'C:\\xampp\\htdocs\\passwordgen\\app\\Views\\editKey.php', 13)
 2 SYSTEMPATH\View\View.php(228): include('C:\\xampp\\htdocs\\passwordgen\\app\\Views\\editKey.php')
 3 SYSTEMPATH\View\View.php(231): CodeIgniter\View\View->CodeIgniter\View\{closure}()
 4 SYSTEMPATH\Common.php(1190): CodeIgniter\View\View->render('editKey', [], true)
 5 APPPATH\Controllers\Keys.php(62): view('editKey', [...])
 6 SYSTEMPATH\CodeIgniter.php(942): App\Controllers\Keys->edit()
 7 SYSTEMPATH\CodeIgniter.php(502): CodeIgniter\CodeIgniter->runController(Object(App\Controllers\Keys))
 8 SYSTEMPATH\CodeIgniter.php(361): CodeIgniter\CodeIgniter->handleRequest(null, Object(Config\Cache), false)
 9 FCPATH\index.php(79): CodeIgniter\CodeIgniter->run()
CRITICAL - 2023-11-21 02:05:51 --> Array to string conversion
in APPPATH\Views\editKey.php on line 13.
 1 APPPATH\Views\editKey.php(13): CodeIgniter\Debug\Exceptions->errorHandler(2, 'Array to string conversion', 'C:\\xampp\\htdocs\\passwordgen\\app\\Views\\editKey.php', 13)
 2 SYSTEMPATH\View\View.php(228): include('C:\\xampp\\htdocs\\passwordgen\\app\\Views\\editKey.php')
 3 SYSTEMPATH\View\View.php(231): CodeIgniter\View\View->CodeIgniter\View\{closure}()
 4 SYSTEMPATH\Common.php(1190): CodeIgniter\View\View->render('editKey', [], true)
 5 APPPATH\Controllers\Keys.php(64): view('editKey', [...])
 6 SYSTEMPATH\CodeIgniter.php(942): App\Controllers\Keys->edit()
 7 SYSTEMPATH\CodeIgniter.php(502): CodeIgniter\CodeIgniter->runController(Object(App\Controllers\Keys))
 8 SYSTEMPATH\CodeIgniter.php(361): CodeIgniter\CodeIgniter->handleRequest(null, Object(Config\Cache), false)
 9 FCPATH\index.php(79): CodeIgniter\CodeIgniter->run()
CRITICAL - 2023-11-21 02:06:00 --> Undefined variable $key
in APPPATH\Views\editKey.php on line 13.
 1 APPPATH\Views\editKey.php(13): CodeIgniter\Debug\Exceptions->errorHandler(2, 'Undefined variable $key', 'C:\\xampp\\htdocs\\passwordgen\\app\\Views\\editKey.php', 13)
 2 SYSTEMPATH\View\View.php(228): include('C:\\xampp\\htdocs\\passwordgen\\app\\Views\\editKey.php')
 3 SYSTEMPATH\View\View.php(231): CodeIgniter\View\View->CodeIgniter\View\{closure}()
 4 SYSTEMPATH\Common.php(1190): CodeIgniter\View\View->render('editKey', [], true)
 5 APPPATH\Controllers\Keys.php(64): view('editKey')
 6 SYSTEMPATH\CodeIgniter.php(942): App\Controllers\Keys->edit()
 7 SYSTEMPATH\CodeIgniter.php(502): CodeIgniter\CodeIgniter->runController(Object(App\Controllers\Keys))
 8 SYSTEMPATH\CodeIgniter.php(361): CodeIgniter\CodeIgniter->handleRequest(null, Object(Config\Cache), false)
 9 FCPATH\index.php(79): CodeIgniter\CodeIgniter->run()
CRITICAL - 2023-11-21 02:06:01 --> Undefined variable $key
in APPPATH\Views\editKey.php on line 13.
 1 APPPATH\Views\editKey.php(13): CodeIgniter\Debug\Exceptions->errorHandler(2, 'Undefined variable $key', 'C:\\xampp\\htdocs\\passwordgen\\app\\Views\\editKey.php', 13)
 2 SYSTEMPATH\View\View.php(228): include('C:\\xampp\\htdocs\\passwordgen\\app\\Views\\editKey.php')
 3 SYSTEMPATH\View\View.php(231): CodeIgniter\View\View->CodeIgniter\View\{closure}()
 4 SYSTEMPATH\Common.php(1190): CodeIgniter\View\View->render('editKey', [], true)
 5 APPPATH\Controllers\Keys.php(64): view('editKey')
 6 SYSTEMPATH\CodeIgniter.php(942): App\Controllers\Keys->edit()
 7 SYSTEMPATH\CodeIgniter.php(502): CodeIgniter\CodeIgniter->runController(Object(App\Controllers\Keys))
 8 SYSTEMPATH\CodeIgniter.php(361): CodeIgniter\CodeIgniter->handleRequest(null, Object(Config\Cache), false)
 9 FCPATH\index.php(79): CodeIgniter\CodeIgniter->run()
CRITICAL - 2023-11-21 02:06:04 --> Undefined variable $key
in APPPATH\Views\editKey.php on line 13.
 1 APPPATH\Views\editKey.php(13): CodeIgniter\Debug\Exceptions->errorHandler(2, 'Undefined variable $key', 'C:\\xampp\\htdocs\\passwordgen\\app\\Views\\editKey.php', 13)
 2 SYSTEMPATH\View\View.php(228): include('C:\\xampp\\htdocs\\passwordgen\\app\\Views\\editKey.php')
 3 SYSTEMPATH\View\View.php(231): CodeIgniter\View\View->CodeIgniter\View\{closure}()
 4 SYSTEMPATH\Common.php(1190): CodeIgniter\View\View->render('editKey', [], true)
 5 APPPATH\Controllers\Keys.php(63): view('editKey')
 6 SYSTEMPATH\CodeIgniter.php(942): App\Controllers\Keys->edit()
 7 SYSTEMPATH\CodeIgniter.php(502): CodeIgniter\CodeIgniter->runController(Object(App\Controllers\Keys))
 8 SYSTEMPATH\CodeIgniter.php(361): CodeIgniter\CodeIgniter->handleRequest(null, Object(Config\Cache), false)
 9 FCPATH\index.php(79): CodeIgniter\CodeIgniter->run()
CRITICAL - 2023-11-21 02:06:32 --> Undefined variable $key
in APPPATH\Views\editKey.php on line 13.
 1 APPPATH\Views\editKey.php(13): CodeIgniter\Debug\Exceptions->errorHandler(2, 'Undefined variable $key', 'C:\\xampp\\htdocs\\passwordgen\\app\\Views\\editKey.php', 13)
 2 SYSTEMPATH\View\View.php(228): include('C:\\xampp\\htdocs\\passwordgen\\app\\Views\\editKey.php')
 3 SYSTEMPATH\View\View.php(231): CodeIgniter\View\View->CodeIgniter\View\{closure}()
 4 SYSTEMPATH\Common.php(1190): CodeIgniter\View\View->render('editKey', [], true)
 5 APPPATH\Controllers\Keys.php(64): view('editKey', [...])
 6 SYSTEMPATH\CodeIgniter.php(942): App\Controllers\Keys->edit()
 7 SYSTEMPATH\CodeIgniter.php(502): CodeIgniter\CodeIgniter->runController(Object(App\Controllers\Keys))
 8 SYSTEMPATH\CodeIgniter.php(361): CodeIgniter\CodeIgniter->handleRequest(null, Object(Config\Cache), false)
 9 FCPATH\index.php(79): CodeIgniter\CodeIgniter->run()
CRITICAL - 2023-11-21 02:07:32 --> Array to string conversion
in APPPATH\Views\editKey.php on line 13.
 1 APPPATH\Views\editKey.php(13): CodeIgniter\Debug\Exceptions->errorHandler(2, 'Array to string conversion', 'C:\\xampp\\htdocs\\passwordgen\\app\\Views\\editKey.php', 13)
 2 SYSTEMPATH\View\View.php(228): include('C:\\xampp\\htdocs\\passwordgen\\app\\Views\\editKey.php')
 3 SYSTEMPATH\View\View.php(231): CodeIgniter\View\View->CodeIgniter\View\{closure}()
 4 SYSTEMPATH\Common.php(1190): CodeIgniter\View\View->render('editKey', [], true)
 5 APPPATH\Controllers\Keys.php(64): view('editKey', [...])
 6 SYSTEMPATH\CodeIgniter.php(942): App\Controllers\Keys->edit()
 7 SYSTEMPATH\CodeIgniter.php(502): CodeIgniter\CodeIgniter->runController(Object(App\Controllers\Keys))
 8 SYSTEMPATH\CodeIgniter.php(361): CodeIgniter\CodeIgniter->handleRequest(null, Object(Config\Cache), false)
 9 FCPATH\index.php(79): CodeIgniter\CodeIgniter->run()
CRITICAL - 2023-11-21 02:07:32 --> Array to string conversion
in APPPATH\Views\editKey.php on line 13.
 1 APPPATH\Views\editKey.php(13): CodeIgniter\Debug\Exceptions->errorHandler(2, 'Array to string conversion', 'C:\\xampp\\htdocs\\passwordgen\\app\\Views\\editKey.php', 13)
 2 SYSTEMPATH\View\View.php(228): include('C:\\xampp\\htdocs\\passwordgen\\app\\Views\\editKey.php')
 3 SYSTEMPATH\View\View.php(231): CodeIgniter\View\View->CodeIgniter\View\{closure}()
 4 SYSTEMPATH\Common.php(1190): CodeIgniter\View\View->render('editKey', [], true)
 5 APPPATH\Controllers\Keys.php(64): view('editKey', [...])
 6 SYSTEMPATH\CodeIgniter.php(942): App\Controllers\Keys->edit()
 7 SYSTEMPATH\CodeIgniter.php(502): CodeIgniter\CodeIgniter->runController(Object(App\Controllers\Keys))
 8 SYSTEMPATH\CodeIgniter.php(361): CodeIgniter\CodeIgniter->handleRequest(null, Object(Config\Cache), false)
 9 FCPATH\index.php(79): CodeIgniter\CodeIgniter->run()
CRITICAL - 2023-11-21 02:08:03 --> Undefined constant "key"
in APPPATH\Views\editKey.php on line 13.
 1 SYSTEMPATH\View\View.php(228): include()
 2 SYSTEMPATH\View\View.php(231): CodeIgniter\View\View->CodeIgniter\View\{closure}()
 3 SYSTEMPATH\Common.php(1190): CodeIgniter\View\View->render('editKey', [], true)
 4 APPPATH\Controllers\Keys.php(64): view('editKey', [...])
 5 SYSTEMPATH\CodeIgniter.php(942): App\Controllers\Keys->edit()
 6 SYSTEMPATH\CodeIgniter.php(502): CodeIgniter\CodeIgniter->runController(Object(App\Controllers\Keys))
 7 SYSTEMPATH\CodeIgniter.php(361): CodeIgniter\CodeIgniter->handleRequest(null, Object(Config\Cache), false)
 8 FCPATH\index.php(79): CodeIgniter\CodeIgniter->run()
CRITICAL - 2023-11-21 02:09:23 --> Too few arguments to function App\Controllers\Keys::edit(), 0 passed in C:\xampp\htdocs\passwordgen\system\CodeIgniter.php on line 942 and exactly 1 expected
in APPPATH\Controllers\Keys.php on line 60.
 1 SYSTEMPATH\CodeIgniter.php(942): App\Controllers\Keys->edit()
 2 SYSTEMPATH\CodeIgniter.php(502): CodeIgniter\CodeIgniter->runController(Object(App\Controllers\Keys))
 3 SYSTEMPATH\CodeIgniter.php(361): CodeIgniter\CodeIgniter->handleRequest(null, Object(Config\Cache), false)
 4 FCPATH\index.php(79): CodeIgniter\CodeIgniter->run()
CRITICAL - 2023-11-21 02:09:23 --> Too few arguments to function App\Controllers\Keys::edit(), 0 passed in C:\xampp\htdocs\passwordgen\system\CodeIgniter.php on line 942 and exactly 1 expected
in APPPATH\Controllers\Keys.php on line 60.
 1 SYSTEMPATH\CodeIgniter.php(942): App\Controllers\Keys->edit()
 2 SYSTEMPATH\CodeIgniter.php(502): CodeIgniter\CodeIgniter->runController(Object(App\Controllers\Keys))
 3 SYSTEMPATH\CodeIgniter.php(361): CodeIgniter\CodeIgniter->handleRequest(null, Object(Config\Cache), false)
 4 FCPATH\index.php(79): CodeIgniter\CodeIgniter->run()
CRITICAL - 2023-11-21 02:09:50 --> Too few arguments to function App\Controllers\Keys::edit(), 0 passed in C:\xampp\htdocs\passwordgen\system\CodeIgniter.php on line 942 and exactly 1 expected
in APPPATH\Controllers\Keys.php on line 60.
 1 SYSTEMPATH\CodeIgniter.php(942): App\Controllers\Keys->edit()
 2 SYSTEMPATH\CodeIgniter.php(502): CodeIgniter\CodeIgniter->runController(Object(App\Controllers\Keys))
 3 SYSTEMPATH\CodeIgniter.php(361): CodeIgniter\CodeIgniter->handleRequest(null, Object(Config\Cache), false)
 4 FCPATH\index.php(79): CodeIgniter\CodeIgniter->run()
CRITICAL - 2023-11-21 02:12:27 --> Too few arguments to function App\Controllers\Keys::edit(), 0 passed in C:\xampp\htdocs\passwordgen\system\CodeIgniter.php on line 942 and exactly 1 expected
in APPPATH\Controllers\Keys.php on line 60.
 1 SYSTEMPATH\CodeIgniter.php(942): App\Controllers\Keys->edit()
 2 SYSTEMPATH\CodeIgniter.php(502): CodeIgniter\CodeIgniter->runController(Object(App\Controllers\Keys))
 3 SYSTEMPATH\CodeIgniter.php(361): CodeIgniter\CodeIgniter->handleRequest(null, Object(Config\Cache), false)
 4 FCPATH\index.php(79): CodeIgniter\CodeIgniter->run()
CRITICAL - 2023-11-21 02:27:26 --> Array to string conversion
in APPPATH\Views\registerKey.php on line 16.
 1 APPPATH\Views\registerKey.php(16): CodeIgniter\Debug\Exceptions->errorHandler(2, 'Array to string conversion', 'C:\\xampp\\htdocs\\passwordgen\\app\\Views\\registerKey.php', 16)
 2 SYSTEMPATH\View\View.php(228): include('C:\\xampp\\htdocs\\passwordgen\\app\\Views\\registerKey.php')
 3 SYSTEMPATH\View\View.php(231): CodeIgniter\View\View->CodeIgniter\View\{closure}()
 4 SYSTEMPATH\Common.php(1190): CodeIgniter\View\View->render('registerKey', [], true)
 5 APPPATH\Controllers\Keys.php(62): view('registerKey', [...])
 6 SYSTEMPATH\CodeIgniter.php(942): App\Controllers\Keys->edit('1')
 7 SYSTEMPATH\CodeIgniter.php(502): CodeIgniter\CodeIgniter->runController(Object(App\Controllers\Keys))
 8 SYSTEMPATH\CodeIgniter.php(361): CodeIgniter\CodeIgniter->handleRequest(null, Object(Config\Cache), false)
 9 FCPATH\index.php(79): CodeIgniter\CodeIgniter->run()
CRITICAL - 2023-11-21 02:27:34 --> Array to string conversion
in APPPATH\Views\registerKey.php on line 16.
 1 APPPATH\Views\registerKey.php(16): CodeIgniter\Debug\Exceptions->errorHandler(2, 'Array to string conversion', 'C:\\xampp\\htdocs\\passwordgen\\app\\Views\\registerKey.php', 16)
 2 SYSTEMPATH\View\View.php(228): include('C:\\xampp\\htdocs\\passwordgen\\app\\Views\\registerKey.php')
 3 SYSTEMPATH\View\View.php(231): CodeIgniter\View\View->CodeIgniter\View\{closure}()
 4 SYSTEMPATH\Common.php(1190): CodeIgniter\View\View->render('registerKey', [], true)
 5 APPPATH\Controllers\Keys.php(62): view('registerKey', [...])
 6 SYSTEMPATH\CodeIgniter.php(942): App\Controllers\Keys->edit('1')
 7 SYSTEMPATH\CodeIgniter.php(502): CodeIgniter\CodeIgniter->runController(Object(App\Controllers\Keys))
 8 SYSTEMPATH\CodeIgniter.php(361): CodeIgniter\CodeIgniter->handleRequest(null, Object(Config\Cache), false)
 9 FCPATH\index.php(79): CodeIgniter\CodeIgniter->run()
CRITICAL - 2023-11-21 02:27:34 --> Array to string conversion
in APPPATH\Views\registerKey.php on line 16.
 1 APPPATH\Views\registerKey.php(16): CodeIgniter\Debug\Exceptions->errorHandler(2, 'Array to string conversion', 'C:\\xampp\\htdocs\\passwordgen\\app\\Views\\registerKey.php', 16)
 2 SYSTEMPATH\View\View.php(228): include('C:\\xampp\\htdocs\\passwordgen\\app\\Views\\registerKey.php')
 3 SYSTEMPATH\View\View.php(231): CodeIgniter\View\View->CodeIgniter\View\{closure}()
 4 SYSTEMPATH\Common.php(1190): CodeIgniter\View\View->render('registerKey', [], true)
 5 APPPATH\Controllers\Keys.php(62): view('registerKey', [...])
 6 SYSTEMPATH\CodeIgniter.php(942): App\Controllers\Keys->edit('1')
 7 SYSTEMPATH\CodeIgniter.php(502): CodeIgniter\CodeIgniter->runController(Object(App\Controllers\Keys))
 8 SYSTEMPATH\CodeIgniter.php(361): CodeIgniter\CodeIgniter->handleRequest(null, Object(Config\Cache), false)
 9 FCPATH\index.php(79): CodeIgniter\CodeIgniter->run()
