CRITICAL - 2023-11-16 00:07:21 --> preg_match(): Compilation failed: missing closing parenthesis at offset 14
in SYSTEMPATH\Router\Router.php on line 424.
 1 [internal function]: CodeIgniter\Debug\Exceptions->errorHandler(2, 'preg_match(): Compilation failed: missing closing parenthesis at offset 14', 'C:\\xampp\\htdocs\\passwordgen\\system\\Router\\Router.php', 424)
 2 SYSTEMPATH\Router\Router.php(424): preg_match('#^edit/([0-9]+$#u', 'key/edit', [])
 3 SYSTEMPATH\Router\Router.php(186): CodeIgniter\Router\Router->checkRoutes('key/edit')
 4 SYSTEMPATH\CodeIgniter.php(823): CodeIgniter\Router\Router->handle('key/edit')
 5 SYSTEMPATH\CodeIgniter.php(450): CodeIgniter\CodeIgniter->tryToRouteIt(Object(CodeIgniter\Router\RouteCollection))
 6 SYSTEMPATH\CodeIgniter.php(361): CodeIgniter\CodeIgniter->handleRequest(null, Object(Config\Cache), false)
 7 FCPATH\index.php(79): CodeIgniter\CodeIgniter->run()
CRITICAL - 2023-11-16 00:07:23 --> preg_match(): Compilation failed: missing closing parenthesis at offset 14
in SYSTEMPATH\Router\Router.php on line 424.
 1 [internal function]: CodeIgniter\Debug\Exceptions->errorHandler(2, 'preg_match(): Compilation failed: missing closing parenthesis at offset 14', 'C:\\xampp\\htdocs\\passwordgen\\system\\Router\\Router.php', 424)
 2 SYSTEMPATH\Router\Router.php(424): preg_match('#^edit/([0-9]+$#u', 'board', [])
 3 SYSTEMPATH\Router\Router.php(186): CodeIgniter\Router\Router->checkRoutes('board')
 4 SYSTEMPATH\CodeIgniter.php(823): CodeIgniter\Router\Router->handle('board')
 5 SYSTEMPATH\CodeIgniter.php(450): CodeIgniter\CodeIgniter->tryToRouteIt(Object(CodeIgniter\Router\RouteCollection))
 6 SYSTEMPATH\CodeIgniter.php(361): CodeIgniter\CodeIgniter->handleRequest(null, Object(Config\Cache), false)
 7 FCPATH\index.php(79): CodeIgniter\CodeIgniter->run()
CRITICAL - 2023-11-16 00:08:02 --> preg_match(): Compilation failed: missing closing parenthesis at offset 14
in SYSTEMPATH\Router\Router.php on line 424.
 1 [internal function]: CodeIgniter\Debug\Exceptions->errorHandler(2, 'preg_match(): Compilation failed: missing closing parenthesis at offset 14', 'C:\\xampp\\htdocs\\passwordgen\\system\\Router\\Router.php', 424)
 2 SYSTEMPATH\Router\Router.php(424): preg_match('#^edit/([0-9]+$#u', 'board', [])
 3 SYSTEMPATH\Router\Router.php(186): CodeIgniter\Router\Router->checkRoutes('board')
 4 SYSTEMPATH\CodeIgniter.php(823): CodeIgniter\Router\Router->handle('board')
 5 SYSTEMPATH\CodeIgniter.php(450): CodeIgniter\CodeIgniter->tryToRouteIt(Object(CodeIgniter\Router\RouteCollection))
 6 SYSTEMPATH\CodeIgniter.php(361): CodeIgniter\CodeIgniter->handleRequest(null, Object(Config\Cache), false)
 7 FCPATH\index.php(79): CodeIgniter\CodeIgniter->run()
CRITICAL - 2023-11-16 00:08:03 --> preg_match(): Compilation failed: missing closing parenthesis at offset 14
in SYSTEMPATH\Router\Router.php on line 424.
 1 [internal function]: CodeIgniter\Debug\Exceptions->errorHandler(2, 'preg_match(): Compilation failed: missing closing parenthesis at offset 14', 'C:\\xampp\\htdocs\\passwordgen\\system\\Router\\Router.php', 424)
 2 SYSTEMPATH\Router\Router.php(424): preg_match('#^edit/([0-9]+$#u', 'board', [])
 3 SYSTEMPATH\Router\Router.php(186): CodeIgniter\Router\Router->checkRoutes('board')
 4 SYSTEMPATH\CodeIgniter.php(823): CodeIgniter\Router\Router->handle('board')
 5 SYSTEMPATH\CodeIgniter.php(450): CodeIgniter\CodeIgniter->tryToRouteIt(Object(CodeIgniter\Router\RouteCollection))
 6 SYSTEMPATH\CodeIgniter.php(361): CodeIgniter\CodeIgniter->handleRequest(null, Object(Config\Cache), false)
 7 FCPATH\index.php(79): CodeIgniter\CodeIgniter->run()
CRITICAL - 2023-11-16 00:08:05 --> preg_match(): Compilation failed: missing closing parenthesis at offset 14
in SYSTEMPATH\Router\Router.php on line 424.
 1 [internal function]: CodeIgniter\Debug\Exceptions->errorHandler(2, 'preg_match(): Compilation failed: missing closing parenthesis at offset 14', 'C:\\xampp\\htdocs\\passwordgen\\system\\Router\\Router.php', 424)
 2 SYSTEMPATH\Router\Router.php(424): preg_match('#^edit/([0-9]+$#u', '/', [])
 3 SYSTEMPATH\Router\Router.php(186): CodeIgniter\Router\Router->checkRoutes('/')
 4 SYSTEMPATH\CodeIgniter.php(823): CodeIgniter\Router\Router->handle('/')
 5 SYSTEMPATH\CodeIgniter.php(450): CodeIgniter\CodeIgniter->tryToRouteIt(Object(CodeIgniter\Router\RouteCollection))
 6 SYSTEMPATH\CodeIgniter.php(361): CodeIgniter\CodeIgniter->handleRequest(null, Object(Config\Cache), false)
 7 FCPATH\index.php(79): CodeIgniter\CodeIgniter->run()
CRITICAL - 2023-11-16 00:08:07 --> preg_match(): Compilation failed: missing closing parenthesis at offset 14
in SYSTEMPATH\Router\Router.php on line 424.
 1 [internal function]: CodeIgniter\Debug\Exceptions->errorHandler(2, 'preg_match(): Compilation failed: missing closing parenthesis at offset 14', 'C:\\xampp\\htdocs\\passwordgen\\system\\Router\\Router.php', 424)
 2 SYSTEMPATH\Router\Router.php(424): preg_match('#^edit/([0-9]+$#u', 'board', [])
 3 SYSTEMPATH\Router\Router.php(186): CodeIgniter\Router\Router->checkRoutes('board')
 4 SYSTEMPATH\CodeIgniter.php(823): CodeIgniter\Router\Router->handle('board')
 5 SYSTEMPATH\CodeIgniter.php(450): CodeIgniter\CodeIgniter->tryToRouteIt(Object(CodeIgniter\Router\RouteCollection))
 6 SYSTEMPATH\CodeIgniter.php(361): CodeIgniter\CodeIgniter->handleRequest(null, Object(Config\Cache), false)
 7 FCPATH\index.php(79): CodeIgniter\CodeIgniter->run()
CRITICAL - 2023-11-16 00:08:15 --> preg_match(): Compilation failed: missing closing parenthesis at offset 14
in SYSTEMPATH\Router\Router.php on line 424.
 1 [internal function]: CodeIgniter\Debug\Exceptions->errorHandler(2, 'preg_match(): Compilation failed: missing closing parenthesis at offset 14', 'C:\\xampp\\htdocs\\passwordgen\\system\\Router\\Router.php', 424)
 2 SYSTEMPATH\Router\Router.php(424): preg_match('#^edit/([0-9]+$#u', 'login', [])
 3 SYSTEMPATH\Router\Router.php(186): CodeIgniter\Router\Router->checkRoutes('login')
 4 SYSTEMPATH\CodeIgniter.php(823): CodeIgniter\Router\Router->handle('login')
 5 SYSTEMPATH\CodeIgniter.php(450): CodeIgniter\CodeIgniter->tryToRouteIt(Object(CodeIgniter\Router\RouteCollection))
 6 SYSTEMPATH\CodeIgniter.php(361): CodeIgniter\CodeIgniter->handleRequest(null, Object(Config\Cache), false)
 7 FCPATH\index.php(79): CodeIgniter\CodeIgniter->run()
CRITICAL - 2023-11-16 00:08:43 --> preg_match(): Compilation failed: missing closing parenthesis at offset 14
in SYSTEMPATH\Router\Router.php on line 424.
 1 [internal function]: CodeIgniter\Debug\Exceptions->errorHandler(2, 'preg_match(): Compilation failed: missing closing parenthesis at offset 14', 'C:\\xampp\\htdocs\\passwordgen\\system\\Router\\Router.php', 424)
 2 SYSTEMPATH\Router\Router.php(424): preg_match('#^edit/([0-9]+$#u', 'login', [])
 3 SYSTEMPATH\Router\Router.php(186): CodeIgniter\Router\Router->checkRoutes('login')
 4 SYSTEMPATH\CodeIgniter.php(823): CodeIgniter\Router\Router->handle('login')
 5 SYSTEMPATH\CodeIgniter.php(450): CodeIgniter\CodeIgniter->tryToRouteIt(Object(CodeIgniter\Router\RouteCollection))
 6 SYSTEMPATH\CodeIgniter.php(361): CodeIgniter\CodeIgniter->handleRequest(null, Object(Config\Cache), false)
 7 FCPATH\index.php(79): CodeIgniter\CodeIgniter->run()
CRITICAL - 2023-11-16 00:08:46 --> preg_match(): Compilation failed: missing closing parenthesis at offset 14
in SYSTEMPATH\Router\Router.php on line 424.
 1 [internal function]: CodeIgniter\Debug\Exceptions->errorHandler(2, 'preg_match(): Compilation failed: missing closing parenthesis at offset 14', 'C:\\xampp\\htdocs\\passwordgen\\system\\Router\\Router.php', 424)
 2 SYSTEMPATH\Router\Router.php(424): preg_match('#^edit/([0-9]+$#u', 'register', [])
 3 SYSTEMPATH\Router\Router.php(186): CodeIgniter\Router\Router->checkRoutes('register')
 4 SYSTEMPATH\CodeIgniter.php(823): CodeIgniter\Router\Router->handle('register')
 5 SYSTEMPATH\CodeIgniter.php(450): CodeIgniter\CodeIgniter->tryToRouteIt(Object(CodeIgniter\Router\RouteCollection))
 6 SYSTEMPATH\CodeIgniter.php(361): CodeIgniter\CodeIgniter->handleRequest(null, Object(Config\Cache), false)
 7 FCPATH\index.php(79): CodeIgniter\CodeIgniter->run()
CRITICAL - 2023-11-16 00:11:33 --> Too few arguments to function App\Controllers\Keys::edit(), 0 passed in C:\xampp\htdocs\passwordgen\system\CodeIgniter.php on line 942 and exactly 1 expected
in APPPATH\Controllers\Keys.php on line 58.
 1 SYSTEMPATH\CodeIgniter.php(942): App\Controllers\Keys->edit()
 2 SYSTEMPATH\CodeIgniter.php(502): CodeIgniter\CodeIgniter->runController(Object(App\Controllers\Keys))
 3 SYSTEMPATH\CodeIgniter.php(361): CodeIgniter\CodeIgniter->handleRequest(null, Object(Config\Cache), false)
 4 FCPATH\index.php(79): CodeIgniter\CodeIgniter->run()
CRITICAL - 2023-11-16 00:12:04 --> Too few arguments to function App\Controllers\Keys::edit(), 0 passed in C:\xampp\htdocs\passwordgen\system\CodeIgniter.php on line 942 and exactly 1 expected
in APPPATH\Controllers\Keys.php on line 57.
 1 SYSTEMPATH\CodeIgniter.php(942): App\Controllers\Keys->edit()
 2 SYSTEMPATH\CodeIgniter.php(502): CodeIgniter\CodeIgniter->runController(Object(App\Controllers\Keys))
 3 SYSTEMPATH\CodeIgniter.php(361): CodeIgniter\CodeIgniter->handleRequest(null, Object(Config\Cache), false)
 4 FCPATH\index.php(79): CodeIgniter\CodeIgniter->run()
CRITICAL - 2023-11-16 00:12:24 --> Too few arguments to function App\Controllers\Keys::edit(), 0 passed in C:\xampp\htdocs\passwordgen\system\CodeIgniter.php on line 942 and exactly 1 expected
in APPPATH\Controllers\Keys.php on line 57.
 1 SYSTEMPATH\CodeIgniter.php(942): App\Controllers\Keys->edit()
 2 SYSTEMPATH\CodeIgniter.php(502): CodeIgniter\CodeIgniter->runController(Object(App\Controllers\Keys))
 3 SYSTEMPATH\CodeIgniter.php(361): CodeIgniter\CodeIgniter->handleRequest(null, Object(Config\Cache), false)
 4 FCPATH\index.php(79): CodeIgniter\CodeIgniter->run()
CRITICAL - 2023-11-16 00:12:27 --> Too few arguments to function App\Controllers\Keys::edit(), 0 passed in C:\xampp\htdocs\passwordgen\system\CodeIgniter.php on line 942 and exactly 1 expected
in APPPATH\Controllers\Keys.php on line 57.
 1 SYSTEMPATH\CodeIgniter.php(942): App\Controllers\Keys->edit()
 2 SYSTEMPATH\CodeIgniter.php(502): CodeIgniter\CodeIgniter->runController(Object(App\Controllers\Keys))
 3 SYSTEMPATH\CodeIgniter.php(361): CodeIgniter\CodeIgniter->handleRequest(null, Object(Config\Cache), false)
 4 FCPATH\index.php(79): CodeIgniter\CodeIgniter->run()
CRITICAL - 2023-11-16 00:12:30 --> Too few arguments to function App\Controllers\Keys::edit(), 0 passed in C:\xampp\htdocs\passwordgen\system\CodeIgniter.php on line 942 and exactly 1 expected
in APPPATH\Controllers\Keys.php on line 57.
 1 SYSTEMPATH\CodeIgniter.php(942): App\Controllers\Keys->edit()
 2 SYSTEMPATH\CodeIgniter.php(502): CodeIgniter\CodeIgniter->runController(Object(App\Controllers\Keys))
 3 SYSTEMPATH\CodeIgniter.php(361): CodeIgniter\CodeIgniter->handleRequest(null, Object(Config\Cache), false)
 4 FCPATH\index.php(79): CodeIgniter\CodeIgniter->run()
CRITICAL - 2023-11-16 00:12:52 --> Undefined variable $key
in APPPATH\Views\editKey.php on line 15.
 1 APPPATH\Views\editKey.php(15): CodeIgniter\Debug\Exceptions->errorHandler(2, 'Undefined variable $key', 'C:\\xampp\\htdocs\\passwordgen\\app\\Views\\editKey.php', 15)
 2 SYSTEMPATH\View\View.php(228): include('C:\\xampp\\htdocs\\passwordgen\\app\\Views\\editKey.php')
 3 SYSTEMPATH\View\View.php(231): CodeIgniter\View\View->CodeIgniter\View\{closure}()
 4 SYSTEMPATH\Common.php(1190): CodeIgniter\View\View->render('editKey', [], true)
 5 APPPATH\Controllers\Keys.php(59): view('editKey')
 6 SYSTEMPATH\CodeIgniter.php(942): App\Controllers\Keys->edit()
 7 SYSTEMPATH\CodeIgniter.php(502): CodeIgniter\CodeIgniter->runController(Object(App\Controllers\Keys))
 8 SYSTEMPATH\CodeIgniter.php(361): CodeIgniter\CodeIgniter->handleRequest(null, Object(Config\Cache), false)
 9 FCPATH\index.php(79): CodeIgniter\CodeIgniter->run()
CRITICAL - 2023-11-16 00:12:52 --> Undefined variable $key
in APPPATH\Views\editKey.php on line 15.
 1 APPPATH\Views\editKey.php(15): CodeIgniter\Debug\Exceptions->errorHandler(2, 'Undefined variable $key', 'C:\\xampp\\htdocs\\passwordgen\\app\\Views\\editKey.php', 15)
 2 SYSTEMPATH\View\View.php(228): include('C:\\xampp\\htdocs\\passwordgen\\app\\Views\\editKey.php')
 3 SYSTEMPATH\View\View.php(231): CodeIgniter\View\View->CodeIgniter\View\{closure}()
 4 SYSTEMPATH\Common.php(1190): CodeIgniter\View\View->render('editKey', [], true)
 5 APPPATH\Controllers\Keys.php(59): view('editKey')
 6 SYSTEMPATH\CodeIgniter.php(942): App\Controllers\Keys->edit()
 7 SYSTEMPATH\CodeIgniter.php(502): CodeIgniter\CodeIgniter->runController(Object(App\Controllers\Keys))
 8 SYSTEMPATH\CodeIgniter.php(361): CodeIgniter\CodeIgniter->handleRequest(null, Object(Config\Cache), false)
 9 FCPATH\index.php(79): CodeIgniter\CodeIgniter->run()
CRITICAL - 2023-11-16 00:12:53 --> Undefined variable $key
in APPPATH\Views\editKey.php on line 15.
 1 APPPATH\Views\editKey.php(15): CodeIgniter\Debug\Exceptions->errorHandler(2, 'Undefined variable $key', 'C:\\xampp\\htdocs\\passwordgen\\app\\Views\\editKey.php', 15)
 2 SYSTEMPATH\View\View.php(228): include('C:\\xampp\\htdocs\\passwordgen\\app\\Views\\editKey.php')
 3 SYSTEMPATH\View\View.php(231): CodeIgniter\View\View->CodeIgniter\View\{closure}()
 4 SYSTEMPATH\Common.php(1190): CodeIgniter\View\View->render('editKey', [], true)
 5 APPPATH\Controllers\Keys.php(59): view('editKey')
 6 SYSTEMPATH\CodeIgniter.php(942): App\Controllers\Keys->edit()
 7 SYSTEMPATH\CodeIgniter.php(502): CodeIgniter\CodeIgniter->runController(Object(App\Controllers\Keys))
 8 SYSTEMPATH\CodeIgniter.php(361): CodeIgniter\CodeIgniter->handleRequest(null, Object(Config\Cache), false)
 9 FCPATH\index.php(79): CodeIgniter\CodeIgniter->run()
CRITICAL - 2023-11-16 00:12:57 --> Undefined variable $key
in APPPATH\Views\editKey.php on line 15.
 1 APPPATH\Views\editKey.php(15): CodeIgniter\Debug\Exceptions->errorHandler(2, 'Undefined variable $key', 'C:\\xampp\\htdocs\\passwordgen\\app\\Views\\editKey.php', 15)
 2 SYSTEMPATH\View\View.php(228): include('C:\\xampp\\htdocs\\passwordgen\\app\\Views\\editKey.php')
 3 SYSTEMPATH\View\View.php(231): CodeIgniter\View\View->CodeIgniter\View\{closure}()
 4 SYSTEMPATH\Common.php(1190): CodeIgniter\View\View->render('editKey', [], true)
 5 APPPATH\Controllers\Keys.php(59): view('editKey')
 6 SYSTEMPATH\CodeIgniter.php(942): App\Controllers\Keys->edit()
 7 SYSTEMPATH\CodeIgniter.php(502): CodeIgniter\CodeIgniter->runController(Object(App\Controllers\Keys))
 8 SYSTEMPATH\CodeIgniter.php(361): CodeIgniter\CodeIgniter->handleRequest(null, Object(Config\Cache), false)
 9 FCPATH\index.php(79): CodeIgniter\CodeIgniter->run()
