CRITICAL - 2023-11-26 01:44:46 --> Trying to access array offset on value of type null
in APPPATH\Controllers\Auth.php on line 86.
 1 APPPATH\Controllers\Auth.php(86): CodeIgniter\Debug\Exceptions->errorHandler(2, 'Trying to access array offset on value of type null', 'C:\\xampp\\htdocs\\passwordgen\\app\\Controllers\\Auth.php', 86)
 2 SYSTEMPATH\CodeIgniter.php(942): App\Controllers\Auth->do_login()
 3 SYSTEMPATH\CodeIgniter.php(502): CodeIgniter\CodeIgniter->runController(Object(App\Controllers\Auth))
 4 SYSTEMPATH\CodeIgniter.php(361): CodeIgniter\CodeIgniter->handleRequest(null, Object(Config\Cache), false)
 5 FCPATH\index.php(79): CodeIgniter\CodeIgniter->run()
CRITICAL - 2023-11-26 01:45:51 --> Trying to access array offset on value of type null
in APPPATH\Controllers\Auth.php on line 86.
 1 APPPATH\Controllers\Auth.php(86): CodeIgniter\Debug\Exceptions->errorHandler(2, 'Trying to access array offset on value of type null', 'C:\\xampp\\htdocs\\passwordgen\\app\\Controllers\\Auth.php', 86)
 2 SYSTEMPATH\CodeIgniter.php(942): App\Controllers\Auth->do_login()
 3 SYSTEMPATH\CodeIgniter.php(502): CodeIgniter\CodeIgniter->runController(Object(App\Controllers\Auth))
 4 SYSTEMPATH\CodeIgniter.php(361): CodeIgniter\CodeIgniter->handleRequest(null, Object(Config\Cache), false)
 5 FCPATH\index.php(79): CodeIgniter\CodeIgniter->run()
CRITICAL - 2023-11-26 01:46:11 --> Trying to access array offset on value of type null
in APPPATH\Controllers\Auth.php on line 86.
 1 APPPATH\Controllers\Auth.php(86): CodeIgniter\Debug\Exceptions->errorHandler(2, 'Trying to access array offset on value of type null', 'C:\\xampp\\htdocs\\passwordgen\\app\\Controllers\\Auth.php', 86)
 2 SYSTEMPATH\CodeIgniter.php(942): App\Controllers\Auth->do_login()
 3 SYSTEMPATH\CodeIgniter.php(502): CodeIgniter\CodeIgniter->runController(Object(App\Controllers\Auth))
 4 SYSTEMPATH\CodeIgniter.php(361): CodeIgniter\CodeIgniter->handleRequest(null, Object(Config\Cache), false)
 5 FCPATH\index.php(79): CodeIgniter\CodeIgniter->run()
CRITICAL - 2023-11-26 01:47:00 --> Trying to access array offset on value of type null
in APPPATH\Controllers\Auth.php on line 86.
 1 APPPATH\Controllers\Auth.php(86): CodeIgniter\Debug\Exceptions->errorHandler(2, 'Trying to access array offset on value of type null', 'C:\\xampp\\htdocs\\passwordgen\\app\\Controllers\\Auth.php', 86)
 2 SYSTEMPATH\CodeIgniter.php(942): App\Controllers\Auth->do_login()
 3 SYSTEMPATH\CodeIgniter.php(502): CodeIgniter\CodeIgniter->runController(Object(App\Controllers\Auth))
 4 SYSTEMPATH\CodeIgniter.php(361): CodeIgniter\CodeIgniter->handleRequest(null, Object(Config\Cache), false)
 5 FCPATH\index.php(79): CodeIgniter\CodeIgniter->run()
CRITICAL - 2023-11-26 01:47:04 --> Trying to access array offset on value of type null
in APPPATH\Controllers\Auth.php on line 86.
 1 APPPATH\Controllers\Auth.php(86): CodeIgniter\Debug\Exceptions->errorHandler(2, 'Trying to access array offset on value of type null', 'C:\\xampp\\htdocs\\passwordgen\\app\\Controllers\\Auth.php', 86)
 2 SYSTEMPATH\CodeIgniter.php(942): App\Controllers\Auth->do_login()
 3 SYSTEMPATH\CodeIgniter.php(502): CodeIgniter\CodeIgniter->runController(Object(App\Controllers\Auth))
 4 SYSTEMPATH\CodeIgniter.php(361): CodeIgniter\CodeIgniter->handleRequest(null, Object(Config\Cache), false)
 5 FCPATH\index.php(79): CodeIgniter\CodeIgniter->run()
CRITICAL - 2023-11-26 12:25:31 --> Trying to access array offset on value of type null
in APPPATH\Controllers\Auth.php on line 86.
 1 APPPATH\Controllers\Auth.php(86): CodeIgniter\Debug\Exceptions->errorHandler(2, 'Trying to access array offset on value of type null', 'C:\\xampp\\htdocs\\passwordgen\\app\\Controllers\\Auth.php', 86)
 2 SYSTEMPATH\CodeIgniter.php(942): App\Controllers\Auth->do_login()
 3 SYSTEMPATH\CodeIgniter.php(502): CodeIgniter\CodeIgniter->runController(Object(App\Controllers\Auth))
 4 SYSTEMPATH\CodeIgniter.php(361): CodeIgniter\CodeIgniter->handleRequest(null, Object(Config\Cache), false)
 5 FCPATH\index.php(79): CodeIgniter\CodeIgniter->run()
CRITICAL - 2023-11-26 13:11:55 --> Trying to access array offset on value of type null
in APPPATH\Controllers\Auth.php on line 86.
 1 APPPATH\Controllers\Auth.php(86): CodeIgniter\Debug\Exceptions->errorHandler(2, 'Trying to access array offset on value of type null', 'C:\\xampp\\htdocs\\passwordgen\\app\\Controllers\\Auth.php', 86)
 2 SYSTEMPATH\CodeIgniter.php(942): App\Controllers\Auth->do_login()
 3 SYSTEMPATH\CodeIgniter.php(502): CodeIgniter\CodeIgniter->runController(Object(App\Controllers\Auth))
 4 SYSTEMPATH\CodeIgniter.php(361): CodeIgniter\CodeIgniter->handleRequest(null, Object(Config\Cache), false)
 5 FCPATH\index.php(79): CodeIgniter\CodeIgniter->run()
CRITICAL - 2023-11-26 13:12:03 --> Trying to access array offset on value of type null
in APPPATH\Controllers\Auth.php on line 86.
 1 APPPATH\Controllers\Auth.php(86): CodeIgniter\Debug\Exceptions->errorHandler(2, 'Trying to access array offset on value of type null', 'C:\\xampp\\htdocs\\passwordgen\\app\\Controllers\\Auth.php', 86)
 2 SYSTEMPATH\CodeIgniter.php(942): App\Controllers\Auth->do_login()
 3 SYSTEMPATH\CodeIgniter.php(502): CodeIgniter\CodeIgniter->runController(Object(App\Controllers\Auth))
 4 SYSTEMPATH\CodeIgniter.php(361): CodeIgniter\CodeIgniter->handleRequest(null, Object(Config\Cache), false)
 5 FCPATH\index.php(79): CodeIgniter\CodeIgniter->run()
CRITICAL - 2023-11-26 13:14:12 --> Undefined array key "login"
in APPPATH\Views\board.php on line 24.
 1 APPPATH\Views\board.php(24): CodeIgniter\Debug\Exceptions->errorHandler(2, 'Undefined array key "login"', 'C:\\xampp\\htdocs\\passwordgen\\app\\Views\\board.php', 24)
 2 SYSTEMPATH\View\View.php(228): include('C:\\xampp\\htdocs\\passwordgen\\app\\Views\\board.php')
 3 SYSTEMPATH\View\View.php(231): CodeIgniter\View\View->CodeIgniter\View\{closure}()
 4 SYSTEMPATH\Common.php(1190): CodeIgniter\View\View->render('board', [], true)
 5 APPPATH\Controllers\Keys.php(28): view('board', [...])
 6 SYSTEMPATH\CodeIgniter.php(942): App\Controllers\Keys->index()
 7 SYSTEMPATH\CodeIgniter.php(502): CodeIgniter\CodeIgniter->runController(Object(App\Controllers\Keys))
 8 SYSTEMPATH\CodeIgniter.php(361): CodeIgniter\CodeIgniter->handleRequest(null, Object(Config\Cache), false)
 9 FCPATH\index.php(79): CodeIgniter\CodeIgniter->run()
CRITICAL - 2023-11-26 13:14:22 --> Array to string conversion
in APPPATH\Views\board.php on line 24.
 1 APPPATH\Views\board.php(24): CodeIgniter\Debug\Exceptions->errorHandler(2, 'Array to string conversion', 'C:\\xampp\\htdocs\\passwordgen\\app\\Views\\board.php', 24)
 2 SYSTEMPATH\View\View.php(228): include('C:\\xampp\\htdocs\\passwordgen\\app\\Views\\board.php')
 3 SYSTEMPATH\View\View.php(231): CodeIgniter\View\View->CodeIgniter\View\{closure}()
 4 SYSTEMPATH\Common.php(1190): CodeIgniter\View\View->render('board', [], true)
 5 APPPATH\Controllers\Keys.php(28): view('board', [...])
 6 SYSTEMPATH\CodeIgniter.php(942): App\Controllers\Keys->index()
 7 SYSTEMPATH\CodeIgniter.php(502): CodeIgniter\CodeIgniter->runController(Object(App\Controllers\Keys))
 8 SYSTEMPATH\CodeIgniter.php(361): CodeIgniter\CodeIgniter->handleRequest(null, Object(Config\Cache), false)
 9 FCPATH\index.php(79): CodeIgniter\CodeIgniter->run()
CRITICAL - 2023-11-26 13:14:23 --> Array to string conversion
in APPPATH\Views\board.php on line 24.
 1 APPPATH\Views\board.php(24): CodeIgniter\Debug\Exceptions->errorHandler(2, 'Array to string conversion', 'C:\\xampp\\htdocs\\passwordgen\\app\\Views\\board.php', 24)
 2 SYSTEMPATH\View\View.php(228): include('C:\\xampp\\htdocs\\passwordgen\\app\\Views\\board.php')
 3 SYSTEMPATH\View\View.php(231): CodeIgniter\View\View->CodeIgniter\View\{closure}()
 4 SYSTEMPATH\Common.php(1190): CodeIgniter\View\View->render('board', [], true)
 5 APPPATH\Controllers\Keys.php(28): view('board', [...])
 6 SYSTEMPATH\CodeIgniter.php(942): App\Controllers\Keys->index()
 7 SYSTEMPATH\CodeIgniter.php(502): CodeIgniter\CodeIgniter->runController(Object(App\Controllers\Keys))
 8 SYSTEMPATH\CodeIgniter.php(361): CodeIgniter\CodeIgniter->handleRequest(null, Object(Config\Cache), false)
 9 FCPATH\index.php(79): CodeIgniter\CodeIgniter->run()
CRITICAL - 2023-11-26 13:15:59 --> Array to string conversion
in APPPATH\Views\board.php on line 21.
 1 APPPATH\Views\board.php(21): CodeIgniter\Debug\Exceptions->errorHandler(2, 'Array to string conversion', 'C:\\xampp\\htdocs\\passwordgen\\app\\Views\\board.php', 21)
 2 SYSTEMPATH\View\View.php(228): include('C:\\xampp\\htdocs\\passwordgen\\app\\Views\\board.php')
 3 SYSTEMPATH\View\View.php(231): CodeIgniter\View\View->CodeIgniter\View\{closure}()
 4 SYSTEMPATH\Common.php(1190): CodeIgniter\View\View->render('board', [], true)
 5 APPPATH\Controllers\Keys.php(27): view('board', [...])
 6 SYSTEMPATH\CodeIgniter.php(942): App\Controllers\Keys->index()
 7 SYSTEMPATH\CodeIgniter.php(502): CodeIgniter\CodeIgniter->runController(Object(App\Controllers\Keys))
 8 SYSTEMPATH\CodeIgniter.php(361): CodeIgniter\CodeIgniter->handleRequest(null, Object(Config\Cache), false)
 9 FCPATH\index.php(79): CodeIgniter\CodeIgniter->run()
CRITICAL - 2023-11-26 13:16:57 --> Array to string conversion
in APPPATH\Views\board.php on line 22.
 1 APPPATH\Views\board.php(22): CodeIgniter\Debug\Exceptions->errorHandler(2, 'Array to string conversion', 'C:\\xampp\\htdocs\\passwordgen\\app\\Views\\board.php', 22)
 2 SYSTEMPATH\View\View.php(228): include('C:\\xampp\\htdocs\\passwordgen\\app\\Views\\board.php')
 3 SYSTEMPATH\View\View.php(231): CodeIgniter\View\View->CodeIgniter\View\{closure}()
 4 SYSTEMPATH\Common.php(1190): CodeIgniter\View\View->render('board', [], true)
 5 APPPATH\Controllers\Keys.php(27): view('board', [...])
 6 SYSTEMPATH\CodeIgniter.php(942): App\Controllers\Keys->index()
 7 SYSTEMPATH\CodeIgniter.php(502): CodeIgniter\CodeIgniter->runController(Object(App\Controllers\Keys))
 8 SYSTEMPATH\CodeIgniter.php(361): CodeIgniter\CodeIgniter->handleRequest(null, Object(Config\Cache), false)
 9 FCPATH\index.php(79): CodeIgniter\CodeIgniter->run()
CRITICAL - 2023-11-26 13:25:33 --> Trying to access array offset on value of type null
in APPPATH\Controllers\Auth.php on line 86.
 1 APPPATH\Controllers\Auth.php(86): CodeIgniter\Debug\Exceptions->errorHandler(2, 'Trying to access array offset on value of type null', 'C:\\xampp\\htdocs\\passwordgen\\app\\Controllers\\Auth.php', 86)
 2 SYSTEMPATH\CodeIgniter.php(942): App\Controllers\Auth->do_login()
 3 SYSTEMPATH\CodeIgniter.php(502): CodeIgniter\CodeIgniter->runController(Object(App\Controllers\Auth))
 4 SYSTEMPATH\CodeIgniter.php(361): CodeIgniter\CodeIgniter->handleRequest(null, Object(Config\Cache), false)
 5 FCPATH\index.php(79): CodeIgniter\CodeIgniter->run()
CRITICAL - 2023-11-26 13:37:16 --> Array to string conversion
in APPPATH\Controllers\Auth.php on line 61.
 1 APPPATH\Controllers\Auth.php(61): CodeIgniter\Debug\Exceptions->errorHandler(2, 'Array to string conversion', 'C:\\xampp\\htdocs\\passwordgen\\app\\Controllers\\Auth.php', 61)
 2 SYSTEMPATH\CodeIgniter.php(942): App\Controllers\Auth->store()
 3 SYSTEMPATH\CodeIgniter.php(502): CodeIgniter\CodeIgniter->runController(Object(App\Controllers\Auth))
 4 SYSTEMPATH\CodeIgniter.php(361): CodeIgniter\CodeIgniter->handleRequest(null, Object(Config\Cache), false)
 5 FCPATH\index.php(79): CodeIgniter\CodeIgniter->run()
CRITICAL - 2023-11-26 13:38:25 --> Undefined array key "name email password"
in APPPATH\Controllers\Auth.php on line 61.
 1 APPPATH\Controllers\Auth.php(61): CodeIgniter\Debug\Exceptions->errorHandler(2, 'Undefined array key "name email password"', 'C:\\xampp\\htdocs\\passwordgen\\app\\Controllers\\Auth.php', 61)
 2 SYSTEMPATH\CodeIgniter.php(942): App\Controllers\Auth->store()
 3 SYSTEMPATH\CodeIgniter.php(502): CodeIgniter\CodeIgniter->runController(Object(App\Controllers\Auth))
 4 SYSTEMPATH\CodeIgniter.php(361): CodeIgniter\CodeIgniter->handleRequest(null, Object(Config\Cache), false)
 5 FCPATH\index.php(79): CodeIgniter\CodeIgniter->run()
CRITICAL - 2023-11-26 13:38:47 --> Undefined array key "nameemailpassword"
in APPPATH\Controllers\Auth.php on line 61.
 1 APPPATH\Controllers\Auth.php(61): CodeIgniter\Debug\Exceptions->errorHandler(2, 'Undefined array key "nameemailpassword"', 'C:\\xampp\\htdocs\\passwordgen\\app\\Controllers\\Auth.php', 61)
 2 SYSTEMPATH\CodeIgniter.php(942): App\Controllers\Auth->store()
 3 SYSTEMPATH\CodeIgniter.php(502): CodeIgniter\CodeIgniter->runController(Object(App\Controllers\Auth))
 4 SYSTEMPATH\CodeIgniter.php(361): CodeIgniter\CodeIgniter->handleRequest(null, Object(Config\Cache), false)
 5 FCPATH\index.php(79): CodeIgniter\CodeIgniter->run()
CRITICAL - 2023-11-26 17:22:05 --> Trying to access array offset on value of type null
in APPPATH\Controllers\Auth.php on line 85.
 1 APPPATH\Controllers\Auth.php(85): CodeIgniter\Debug\Exceptions->errorHandler(2, 'Trying to access array offset on value of type null', 'C:\\xampp\\htdocs\\passwordgen\\app\\Controllers\\Auth.php', 85)
 2 SYSTEMPATH\CodeIgniter.php(942): App\Controllers\Auth->do_login()
 3 SYSTEMPATH\CodeIgniter.php(502): CodeIgniter\CodeIgniter->runController(Object(App\Controllers\Auth))
 4 SYSTEMPATH\CodeIgniter.php(361): CodeIgniter\CodeIgniter->handleRequest(null, Object(Config\Cache), false)
 5 FCPATH\index.php(79): CodeIgniter\CodeIgniter->run()
CRITICAL - 2023-11-26 17:22:15 --> Trying to access array offset on value of type null
in APPPATH\Controllers\Auth.php on line 85.
 1 APPPATH\Controllers\Auth.php(85): CodeIgniter\Debug\Exceptions->errorHandler(2, 'Trying to access array offset on value of type null', 'C:\\xampp\\htdocs\\passwordgen\\app\\Controllers\\Auth.php', 85)
 2 SYSTEMPATH\CodeIgniter.php(942): App\Controllers\Auth->do_login()
 3 SYSTEMPATH\CodeIgniter.php(502): CodeIgniter\CodeIgniter->runController(Object(App\Controllers\Auth))
 4 SYSTEMPATH\CodeIgniter.php(361): CodeIgniter\CodeIgniter->handleRequest(null, Object(Config\Cache), false)
 5 FCPATH\index.php(79): CodeIgniter\CodeIgniter->run()
CRITICAL - 2023-11-26 17:22:20 --> Trying to access array offset on value of type null
in APPPATH\Controllers\Auth.php on line 85.
 1 APPPATH\Controllers\Auth.php(85): CodeIgniter\Debug\Exceptions->errorHandler(2, 'Trying to access array offset on value of type null', 'C:\\xampp\\htdocs\\passwordgen\\app\\Controllers\\Auth.php', 85)
 2 SYSTEMPATH\CodeIgniter.php(942): App\Controllers\Auth->do_login()
 3 SYSTEMPATH\CodeIgniter.php(502): CodeIgniter\CodeIgniter->runController(Object(App\Controllers\Auth))
 4 SYSTEMPATH\CodeIgniter.php(361): CodeIgniter\CodeIgniter->handleRequest(null, Object(Config\Cache), false)
 5 FCPATH\index.php(79): CodeIgniter\CodeIgniter->run()
CRITICAL - 2023-11-26 17:22:31 --> Trying to access array offset on value of type null
in APPPATH\Controllers\Auth.php on line 85.
 1 APPPATH\Controllers\Auth.php(85): CodeIgniter\Debug\Exceptions->errorHandler(2, 'Trying to access array offset on value of type null', 'C:\\xampp\\htdocs\\passwordgen\\app\\Controllers\\Auth.php', 85)
 2 SYSTEMPATH\CodeIgniter.php(942): App\Controllers\Auth->do_login()
 3 SYSTEMPATH\CodeIgniter.php(502): CodeIgniter\CodeIgniter->runController(Object(App\Controllers\Auth))
 4 SYSTEMPATH\CodeIgniter.php(361): CodeIgniter\CodeIgniter->handleRequest(null, Object(Config\Cache), false)
 5 FCPATH\index.php(79): CodeIgniter\CodeIgniter->run()
CRITICAL - 2023-11-26 17:26:39 --> Trying to access array offset on value of type null
in APPPATH\Controllers\Auth.php on line 85.
 1 APPPATH\Controllers\Auth.php(85): CodeIgniter\Debug\Exceptions->errorHandler(2, 'Trying to access array offset on value of type null', 'C:\\xampp\\htdocs\\passwordgen\\app\\Controllers\\Auth.php', 85)
 2 SYSTEMPATH\CodeIgniter.php(942): App\Controllers\Auth->do_login()
 3 SYSTEMPATH\CodeIgniter.php(502): CodeIgniter\CodeIgniter->runController(Object(App\Controllers\Auth))
 4 SYSTEMPATH\CodeIgniter.php(361): CodeIgniter\CodeIgniter->handleRequest(null, Object(Config\Cache), false)
 5 FCPATH\index.php(79): CodeIgniter\CodeIgniter->run()
CRITICAL - 2023-11-26 17:30:31 --> Trying to access array offset on value of type null
in APPPATH\Controllers\Auth.php on line 85.
 1 APPPATH\Controllers\Auth.php(85): CodeIgniter\Debug\Exceptions->errorHandler(2, 'Trying to access array offset on value of type null', 'C:\\xampp\\htdocs\\passwordgen\\app\\Controllers\\Auth.php', 85)
 2 SYSTEMPATH\CodeIgniter.php(942): App\Controllers\Auth->do_login()
 3 SYSTEMPATH\CodeIgniter.php(502): CodeIgniter\CodeIgniter->runController(Object(App\Controllers\Auth))
 4 SYSTEMPATH\CodeIgniter.php(361): CodeIgniter\CodeIgniter->handleRequest(null, Object(Config\Cache), false)
 5 FCPATH\index.php(79): CodeIgniter\CodeIgniter->run()
CRITICAL - 2023-11-26 17:30:42 --> Undefined array key "senha_hash"
in APPPATH\Controllers\Auth.php on line 85.
 1 APPPATH\Controllers\Auth.php(85): CodeIgniter\Debug\Exceptions->errorHandler(2, 'Undefined array key "senha_hash"', 'C:\\xampp\\htdocs\\passwordgen\\app\\Controllers\\Auth.php', 85)
 2 SYSTEMPATH\CodeIgniter.php(942): App\Controllers\Auth->do_login()
 3 SYSTEMPATH\CodeIgniter.php(502): CodeIgniter\CodeIgniter->runController(Object(App\Controllers\Auth))
 4 SYSTEMPATH\CodeIgniter.php(361): CodeIgniter\CodeIgniter->handleRequest(null, Object(Config\Cache), false)
 5 FCPATH\index.php(79): CodeIgniter\CodeIgniter->run()
CRITICAL - 2023-11-26 17:34:03 --> Trying to access array offset on value of type null
in APPPATH\Controllers\Auth.php on line 85.
 1 APPPATH\Controllers\Auth.php(85): CodeIgniter\Debug\Exceptions->errorHandler(2, 'Trying to access array offset on value of type null', 'C:\\xampp\\htdocs\\passwordgen\\app\\Controllers\\Auth.php', 85)
 2 SYSTEMPATH\CodeIgniter.php(942): App\Controllers\Auth->do_login()
 3 SYSTEMPATH\CodeIgniter.php(502): CodeIgniter\CodeIgniter->runController(Object(App\Controllers\Auth))
 4 SYSTEMPATH\CodeIgniter.php(361): CodeIgniter\CodeIgniter->handleRequest(null, Object(Config\Cache), false)
 5 FCPATH\index.php(79): CodeIgniter\CodeIgniter->run()
CRITICAL - 2023-11-26 17:34:54 --> Trying to access array offset on value of type null
in APPPATH\Controllers\Auth.php on line 84.
 1 APPPATH\Controllers\Auth.php(84): CodeIgniter\Debug\Exceptions->errorHandler(2, 'Trying to access array offset on value of type null', 'C:\\xampp\\htdocs\\passwordgen\\app\\Controllers\\Auth.php', 84)
 2 SYSTEMPATH\CodeIgniter.php(942): App\Controllers\Auth->do_login()
 3 SYSTEMPATH\CodeIgniter.php(502): CodeIgniter\CodeIgniter->runController(Object(App\Controllers\Auth))
 4 SYSTEMPATH\CodeIgniter.php(361): CodeIgniter\CodeIgniter->handleRequest(null, Object(Config\Cache), false)
 5 FCPATH\index.php(79): CodeIgniter\CodeIgniter->run()
CRITICAL - 2023-11-26 17:35:22 --> syntax error, unexpected token "}", expecting "," or ";"
in APPPATH\Controllers\Auth.php on line 90.
 1 SYSTEMPATH\Autoloader\Autoloader.php(291): CodeIgniter\Autoloader\Autoloader->includeFile('C:\\xampp\\htdocs\\passwordgen\\app\\Controllers\\Auth.php')
 2 SYSTEMPATH\Autoloader\Autoloader.php(269): CodeIgniter\Autoloader\Autoloader->loadInNamespace('App\\Controllers\\Auth')
 3 [internal function]: CodeIgniter\Autoloader\Autoloader->loadClass('App\\Controllers\\Auth')
 4 SYSTEMPATH\CodeIgniter.php(900): class_exists('\\App\\Controllers\\Auth', true)
 5 SYSTEMPATH\CodeIgniter.php(489): CodeIgniter\CodeIgniter->startController()
 6 SYSTEMPATH\CodeIgniter.php(361): CodeIgniter\CodeIgniter->handleRequest(null, Object(Config\Cache), false)
 7 FCPATH\index.php(79): CodeIgniter\CodeIgniter->run()
CRITICAL - 2023-11-26 17:35:40 --> Trying to access array offset on value of type null
in APPPATH\Controllers\Auth.php on line 84.
 1 APPPATH\Controllers\Auth.php(84): CodeIgniter\Debug\Exceptions->errorHandler(2, 'Trying to access array offset on value of type null', 'C:\\xampp\\htdocs\\passwordgen\\app\\Controllers\\Auth.php', 84)
 2 SYSTEMPATH\CodeIgniter.php(942): App\Controllers\Auth->do_login()
 3 SYSTEMPATH\CodeIgniter.php(502): CodeIgniter\CodeIgniter->runController(Object(App\Controllers\Auth))
 4 SYSTEMPATH\CodeIgniter.php(361): CodeIgniter\CodeIgniter->handleRequest(null, Object(Config\Cache), false)
 5 FCPATH\index.php(79): CodeIgniter\CodeIgniter->run()
CRITICAL - 2023-11-26 17:35:47 --> Trying to access array offset on value of type null
in APPPATH\Controllers\Auth.php on line 84.
 1 APPPATH\Controllers\Auth.php(84): CodeIgniter\Debug\Exceptions->errorHandler(2, 'Trying to access array offset on value of type null', 'C:\\xampp\\htdocs\\passwordgen\\app\\Controllers\\Auth.php', 84)
 2 SYSTEMPATH\CodeIgniter.php(942): App\Controllers\Auth->do_login()
 3 SYSTEMPATH\CodeIgniter.php(502): CodeIgniter\CodeIgniter->runController(Object(App\Controllers\Auth))
 4 SYSTEMPATH\CodeIgniter.php(361): CodeIgniter\CodeIgniter->handleRequest(null, Object(Config\Cache), false)
 5 FCPATH\index.php(79): CodeIgniter\CodeIgniter->run()
CRITICAL - 2023-11-26 17:36:05 --> Trying to access array offset on value of type null
in APPPATH\Controllers\Auth.php on line 84.
 1 APPPATH\Controllers\Auth.php(84): CodeIgniter\Debug\Exceptions->errorHandler(2, 'Trying to access array offset on value of type null', 'C:\\xampp\\htdocs\\passwordgen\\app\\Controllers\\Auth.php', 84)
 2 SYSTEMPATH\CodeIgniter.php(942): App\Controllers\Auth->do_login()
 3 SYSTEMPATH\CodeIgniter.php(502): CodeIgniter\CodeIgniter->runController(Object(App\Controllers\Auth))
 4 SYSTEMPATH\CodeIgniter.php(361): CodeIgniter\CodeIgniter->handleRequest(null, Object(Config\Cache), false)
 5 FCPATH\index.php(79): CodeIgniter\CodeIgniter->run()
CRITICAL - 2023-11-26 17:36:10 --> Trying to access array offset on value of type null
in APPPATH\Controllers\Auth.php on line 84.
 1 APPPATH\Controllers\Auth.php(84): CodeIgniter\Debug\Exceptions->errorHandler(2, 'Trying to access array offset on value of type null', 'C:\\xampp\\htdocs\\passwordgen\\app\\Controllers\\Auth.php', 84)
 2 SYSTEMPATH\CodeIgniter.php(942): App\Controllers\Auth->do_login()
 3 SYSTEMPATH\CodeIgniter.php(502): CodeIgniter\CodeIgniter->runController(Object(App\Controllers\Auth))
 4 SYSTEMPATH\CodeIgniter.php(361): CodeIgniter\CodeIgniter->handleRequest(null, Object(Config\Cache), false)
 5 FCPATH\index.php(79): CodeIgniter\CodeIgniter->run()
CRITICAL - 2023-11-26 17:36:22 --> Trying to access array offset on value of type null
in APPPATH\Controllers\Auth.php on line 84.
 1 APPPATH\Controllers\Auth.php(84): CodeIgniter\Debug\Exceptions->errorHandler(2, 'Trying to access array offset on value of type null', 'C:\\xampp\\htdocs\\passwordgen\\app\\Controllers\\Auth.php', 84)
 2 SYSTEMPATH\CodeIgniter.php(942): App\Controllers\Auth->do_login()
 3 SYSTEMPATH\CodeIgniter.php(502): CodeIgniter\CodeIgniter->runController(Object(App\Controllers\Auth))
 4 SYSTEMPATH\CodeIgniter.php(361): CodeIgniter\CodeIgniter->handleRequest(null, Object(Config\Cache), false)
 5 FCPATH\index.php(79): CodeIgniter\CodeIgniter->run()
CRITICAL - 2023-11-26 17:36:27 --> Trying to access array offset on value of type null
in APPPATH\Controllers\Auth.php on line 84.
 1 APPPATH\Controllers\Auth.php(84): CodeIgniter\Debug\Exceptions->errorHandler(2, 'Trying to access array offset on value of type null', 'C:\\xampp\\htdocs\\passwordgen\\app\\Controllers\\Auth.php', 84)
 2 SYSTEMPATH\CodeIgniter.php(942): App\Controllers\Auth->do_login()
 3 SYSTEMPATH\CodeIgniter.php(502): CodeIgniter\CodeIgniter->runController(Object(App\Controllers\Auth))
 4 SYSTEMPATH\CodeIgniter.php(361): CodeIgniter\CodeIgniter->handleRequest(null, Object(Config\Cache), false)
 5 FCPATH\index.php(79): CodeIgniter\CodeIgniter->run()
CRITICAL - 2023-11-26 17:37:12 --> Trying to access array offset on value of type null
in APPPATH\Controllers\Auth.php on line 83.
 1 APPPATH\Controllers\Auth.php(83): CodeIgniter\Debug\Exceptions->errorHandler(2, 'Trying to access array offset on value of type null', 'C:\\xampp\\htdocs\\passwordgen\\app\\Controllers\\Auth.php', 83)
 2 SYSTEMPATH\CodeIgniter.php(942): App\Controllers\Auth->do_login()
 3 SYSTEMPATH\CodeIgniter.php(502): CodeIgniter\CodeIgniter->runController(Object(App\Controllers\Auth))
 4 SYSTEMPATH\CodeIgniter.php(361): CodeIgniter\CodeIgniter->handleRequest(null, Object(Config\Cache), false)
 5 FCPATH\index.php(79): CodeIgniter\CodeIgniter->run()
CRITICAL - 2023-11-26 17:38:07 --> Cannot use object of type App\Models\UserModel as array
in APPPATH\Controllers\Auth.php on line 84.
 1 SYSTEMPATH\CodeIgniter.php(942): App\Controllers\Auth->do_login()
 2 SYSTEMPATH\CodeIgniter.php(502): CodeIgniter\CodeIgniter->runController(Object(App\Controllers\Auth))
 3 SYSTEMPATH\CodeIgniter.php(361): CodeIgniter\CodeIgniter->handleRequest(null, Object(Config\Cache), false)
 4 FCPATH\index.php(79): CodeIgniter\CodeIgniter->run()
CRITICAL - 2023-11-26 17:38:17 --> Trying to access array offset on value of type null
in APPPATH\Controllers\Auth.php on line 84.
 1 APPPATH\Controllers\Auth.php(84): CodeIgniter\Debug\Exceptions->errorHandler(2, 'Trying to access array offset on value of type null', 'C:\\xampp\\htdocs\\passwordgen\\app\\Controllers\\Auth.php', 84)
 2 SYSTEMPATH\CodeIgniter.php(942): App\Controllers\Auth->do_login()
 3 SYSTEMPATH\CodeIgniter.php(502): CodeIgniter\CodeIgniter->runController(Object(App\Controllers\Auth))
 4 SYSTEMPATH\CodeIgniter.php(361): CodeIgniter\CodeIgniter->handleRequest(null, Object(Config\Cache), false)
 5 FCPATH\index.php(79): CodeIgniter\CodeIgniter->run()
CRITICAL - 2023-11-26 17:38:21 --> Trying to access array offset on value of type null
in APPPATH\Controllers\Auth.php on line 84.
 1 APPPATH\Controllers\Auth.php(84): CodeIgniter\Debug\Exceptions->errorHandler(2, 'Trying to access array offset on value of type null', 'C:\\xampp\\htdocs\\passwordgen\\app\\Controllers\\Auth.php', 84)
 2 SYSTEMPATH\CodeIgniter.php(942): App\Controllers\Auth->do_login()
 3 SYSTEMPATH\CodeIgniter.php(502): CodeIgniter\CodeIgniter->runController(Object(App\Controllers\Auth))
 4 SYSTEMPATH\CodeIgniter.php(361): CodeIgniter\CodeIgniter->handleRequest(null, Object(Config\Cache), false)
 5 FCPATH\index.php(79): CodeIgniter\CodeIgniter->run()
